<?xml version="1.0" encoding="UTF-8"?>
<!-- Generated by org.testng.reporters.JUnitReportReporter -->
<testsuite hostname="MOZAFFAR" failures="0" tests="3" name="rahulShettyAcademy.tests.SubmitOrderTest" time="18.123" errors="0" timestamp="2024-09-24T16:49:08 IST" skipped="0">
  <testcase classname="rahulShettyAcademy.tests.SubmitOrderTest" name="submitOrder" time="7.969"/>
  <system-out/>
  <testcase classname="rahulShettyAcademy.tests.SubmitOrderTest" name="orderHistoryTest" time="4.351"/>
  <system-out/>
  <testcase classname="rahulShettyAcademy.tests.SubmitOrderTest" name="submitOrder" time="5.803"/>
  <system-out/>
</testsuite> <!-- rahulShettyAcademy.tests.SubmitOrderTest -->
