<?xml version="1.0" encoding="UTF-8"?>
<!-- Generated by org.testng.reporters.JUnitReportReporter -->
<testsuite hostname="MOZAFFAR" failures="0" tests="1" name="rahulShettyAcademy.tests.StandAloneTest" time="9.837" errors="0" timestamp="2024-09-19T14:20:07 IST" skipped="0">
  <testcase classname="rahulShettyAcademy.tests.StandAloneTest" name="initialDemo" time="9.837"/>
  <system-out/>
</testsuite> <!-- rahulShettyAcademy.tests.StandAloneTest -->
