<?xml version="1.0" encoding="UTF-8"?>
<!-- Generated by org.testng.reporters.JUnitReportReporter -->
<testsuite hostname="MOZAFFAR" failures="0" tests="1" name="rahulShettyAcademy.tests.ErrorValidation" time="3.961" errors="0" timestamp="2024-09-19T10:52:11 IST" skipped="0">
  <testcase classname="rahulShettyAcademy.tests.ErrorValidation" name="verifyErrorMessage" time="3.961"/>
  <system-out/>
</testsuite> <!-- rahulShettyAcademy.tests.ErrorValidation -->
