<?xml version="1.0" encoding="UTF-8"?>
<!-- Generated by org.testng.reporters.JUnitReportReporter -->
<testsuite hostname="MOZAFFAR" failures="0" tests="3" name="rahulShettyAcademy.tests.SubmitOrderTest" time="20.606" errors="0" timestamp="2024-09-24T17:10:56 IST" skipped="0">
  <testcase classname="rahulShettyAcademy.tests.SubmitOrderTest" name="orderHistoryTest" time="5.356"/>
  <system-out/>
  <testcase classname="rahulShettyAcademy.tests.SubmitOrderTest" name="submitOrder" time="8.835"/>
  <system-out/>
  <testcase classname="rahulShettyAcademy.tests.SubmitOrderTest" name="submitOrder" time="6.415"/>
  <system-out/>
</testsuite> <!-- rahulShettyAcademy.tests.SubmitOrderTest -->
