<?xml version="1.0" encoding="UTF-8"?>
<!-- Generated by org.testng.reporters.JUnitReportReporter -->
<testsuite hostname="MOZAFFAR" failures="0" tests="2" name="rahulShettyAcademy.tests.ErrorValidationTest" time="9.707" errors="0" timestamp="2024-09-24T16:49:08 IST" skipped="0">
  <testcase classname="rahulShettyAcademy.tests.ErrorValidationTest" name="loginErrorValidation" time="4.744"/>
  <system-out/>
  <testcase classname="rahulShettyAcademy.tests.ErrorValidationTest" name="productErrorValidation" time="4.963"/>
  <system-out/>
</testsuite> <!-- rahulShettyAcademy.tests.ErrorValidationTest -->
