<?xml version="1.0" encoding="UTF-8"?>
<!-- Generated by org.testng.reporters.JUnitReportReporter -->
<testsuite hostname="MOZAFFAR" failures="0" tests="3" name="rahulShettyAcademy.tests.SubmitOrderTest" time="19.877" errors="0" timestamp="2024-09-24T16:49:39 IST" skipped="0">
  <testcase classname="rahulShettyAcademy.tests.SubmitOrderTest" name="submitOrder" time="7.681"/>
  <system-out/>
  <testcase classname="rahulShettyAcademy.tests.SubmitOrderTest" name="submitOrder" time="7.724"/>
  <system-out/>
  <testcase classname="rahulShettyAcademy.tests.SubmitOrderTest" name="orderHistoryTest" time="4.472"/>
  <system-out/>
</testsuite> <!-- rahulShettyAcademy.tests.SubmitOrderTest -->
