<?xml version="1.0" encoding="UTF-8"?>
<!-- Generated by org.testng.reporters.JUnitReportReporter -->
<testsuite hostname="MOZAFFAR" failures="0" tests="2" name="rahulShettyAcademy.tests.ErrorValidationTest" time="12.148" errors="0" timestamp="2024-09-24T16:49:39 IST" skipped="0">
  <testcase classname="rahulShettyAcademy.tests.ErrorValidationTest" name="productErrorValidation" time="5.989"/>
  <system-out/>
  <testcase classname="rahulShettyAcademy.tests.ErrorValidationTest" name="loginErrorValidation" time="6.159"/>
  <system-out/>
</testsuite> <!-- rahulShettyAcademy.tests.ErrorValidationTest -->
